[2025-07-04T04:00:07.652+0000] {taskinstance.py:1157} INFO - Dependencies all met for dep_context=non-requeueable deps ti=<TaskInstance: weather_ingest_dag.fetch_and_insert scheduled__2025-07-04T03:00:00+00:00 [queued]>
[2025-07-04T04:00:07.671+0000] {taskinstance.py:1157} INFO - Dependencies all met for dep_context=requeueable deps ti=<TaskInstance: weather_ingest_dag.fetch_and_insert scheduled__2025-07-04T03:00:00+00:00 [queued]>
[2025-07-04T04:00:07.671+0000] {taskinstance.py:1359} INFO - Starting attempt 1 of 2
[2025-07-04T04:00:07.697+0000] {taskinstance.py:1380} INFO - Executing <Task(BashOperator): fetch_and_insert> on 2025-07-04 03:00:00+00:00
[2025-07-04T04:00:07.735+0000] {standard_task_runner.py:57} INFO - Started process 291 to run task
[2025-07-04T04:00:07.771+0000] {standard_task_runner.py:84} INFO - Running: ['airflow', 'tasks', 'run', 'weather_ingest_dag', 'fetch_and_insert', 'scheduled__2025-07-04T03:00:00+00:00', '--job-id', '5', '--raw', '--subdir', 'DAGS_FOLDER/weather_ingest_dag.py', '--cfg-path', '/tmp/tmpq_g9e9dt']
[2025-07-04T04:00:07.836+0000] {standard_task_runner.py:85} INFO - Job 5: Subtask fetch_and_insert
[2025-07-04T04:00:08.452+0000] {task_command.py:415} INFO - Running <TaskInstance: weather_ingest_dag.fetch_and_insert scheduled__2025-07-04T03:00:00+00:00 [running]> on host 74a12dde0a9a
[2025-07-04T04:00:08.826+0000] {taskinstance.py:1660} INFO - Exporting env vars: AIRFLOW_CTX_DAG_OWNER='harsha' AIRFLOW_CTX_DAG_ID='weather_ingest_dag' AIRFLOW_CTX_TASK_ID='fetch_and_insert' AIRFLOW_CTX_EXECUTION_DATE='2025-07-04T03:00:00+00:00' AIRFLOW_CTX_TRY_NUMBER='1' AIRFLOW_CTX_DAG_RUN_ID='scheduled__2025-07-04T03:00:00+00:00'
[2025-07-04T04:00:08.833+0000] {subprocess.py:63} INFO - Tmp dir root location: /tmp
[2025-07-04T04:00:08.845+0000] {subprocess.py:75} INFO - Running command: ['/bin/bash', '-c', 'python /opt/airflow/dags/fetch_weather.py']
[2025-07-04T04:00:08.870+0000] {subprocess.py:86} INFO - Output:
[2025-07-04T04:00:11.378+0000] {subprocess.py:93} INFO - 2025-07-04 04:00:11,377 - INFO - Number of records fetched from API: 40
[2025-07-04T04:00:11.379+0000] {subprocess.py:93} INFO - 2025-07-04 04:00:11,378 - INFO - Number of parsed records: 40
[2025-07-04T04:00:11.445+0000] {subprocess.py:93} INFO - 2025-07-04 04:00:11,445 - INFO - Weather data inserted into Postgres successfully.
[2025-07-04T04:00:11.447+0000] {subprocess.py:93} INFO - API Key is: 7d6a64fd9c0466f533754585e33e4406
[2025-07-04T04:00:11.495+0000] {subprocess.py:97} INFO - Command exited with return code 0
[2025-07-04T04:00:11.574+0000] {taskinstance.py:1398} INFO - Marking task as SUCCESS. dag_id=weather_ingest_dag, task_id=fetch_and_insert, execution_date=20250704T030000, start_date=20250704T040007, end_date=20250704T040011
[2025-07-04T04:00:11.638+0000] {local_task_job_runner.py:228} INFO - Task exited with return code 0
[2025-07-04T04:00:11.668+0000] {taskinstance.py:2776} INFO - 0 downstream tasks scheduled from follow-on schedule check
[2025-07-04T04:15:31.973+0000] {taskinstance.py:1157} INFO - Dependencies all met for dep_context=non-requeueable deps ti=<TaskInstance: weather_ingest_dag.fetch_and_insert scheduled__2025-07-04T03:00:00+00:00 [queued]>
[2025-07-04T04:15:31.999+0000] {taskinstance.py:1157} INFO - Dependencies all met for dep_context=requeueable deps ti=<TaskInstance: weather_ingest_dag.fetch_and_insert scheduled__2025-07-04T03:00:00+00:00 [queued]>
[2025-07-04T04:15:32.000+0000] {taskinstance.py:1359} INFO - Starting attempt 1 of 2
[2025-07-04T04:15:32.064+0000] {taskinstance.py:1380} INFO - Executing <Task(BashOperator): fetch_and_insert> on 2025-07-04 03:00:00+00:00
[2025-07-04T04:15:32.080+0000] {standard_task_runner.py:57} INFO - Started process 198 to run task
[2025-07-04T04:15:32.088+0000] {standard_task_runner.py:84} INFO - Running: ['airflow', 'tasks', 'run', 'weather_ingest_dag', 'fetch_and_insert', 'scheduled__2025-07-04T03:00:00+00:00', '--job-id', '2', '--raw', '--subdir', 'DAGS_FOLDER/weather_ingest_dag.py', '--cfg-path', '/tmp/tmpltxro9ee']
[2025-07-04T04:15:32.099+0000] {standard_task_runner.py:85} INFO - Job 2: Subtask fetch_and_insert
[2025-07-04T04:15:32.457+0000] {task_command.py:415} INFO - Running <TaskInstance: weather_ingest_dag.fetch_and_insert scheduled__2025-07-04T03:00:00+00:00 [running]> on host 1025ec15db0d
[2025-07-04T04:15:32.880+0000] {taskinstance.py:1660} INFO - Exporting env vars: AIRFLOW_CTX_DAG_OWNER='harsha' AIRFLOW_CTX_DAG_ID='weather_ingest_dag' AIRFLOW_CTX_TASK_ID='fetch_and_insert' AIRFLOW_CTX_EXECUTION_DATE='2025-07-04T03:00:00+00:00' AIRFLOW_CTX_TRY_NUMBER='1' AIRFLOW_CTX_DAG_RUN_ID='scheduled__2025-07-04T03:00:00+00:00'
[2025-07-04T04:15:32.889+0000] {subprocess.py:63} INFO - Tmp dir root location: /tmp
[2025-07-04T04:15:32.897+0000] {subprocess.py:75} INFO - Running command: ['/bin/bash', '-c', 'python /opt/airflow/dags/fetch_weather.py']
[2025-07-04T04:15:32.933+0000] {subprocess.py:86} INFO - Output:
[2025-07-04T04:15:34.939+0000] {subprocess.py:93} INFO - 2025-07-04 04:15:34,938 - INFO - Number of records fetched from API: 40
[2025-07-04T04:15:34.942+0000] {subprocess.py:93} INFO - 2025-07-04 04:15:34,939 - INFO - Number of parsed records: 40
[2025-07-04T04:15:35.044+0000] {subprocess.py:93} INFO - 2025-07-04 04:15:35,044 - INFO - Weather data inserted into Postgres successfully.
[2025-07-04T04:15:35.046+0000] {subprocess.py:93} INFO - API Key is: 7d6a64fd9c0466f533754585e33e4406
[2025-07-04T04:15:35.093+0000] {subprocess.py:97} INFO - Command exited with return code 0
[2025-07-04T04:15:35.155+0000] {taskinstance.py:1398} INFO - Marking task as SUCCESS. dag_id=weather_ingest_dag, task_id=fetch_and_insert, execution_date=20250704T030000, start_date=20250704T041531, end_date=20250704T041535
[2025-07-04T04:15:35.201+0000] {local_task_job_runner.py:228} INFO - Task exited with return code 0
[2025-07-04T04:15:35.239+0000] {taskinstance.py:2776} INFO - 0 downstream tasks scheduled from follow-on schedule check
