[2025-07-04T05:20:29.961+0000] {taskinstance.py:1157} INFO - Dependencies all met for dep_context=non-requeueable deps ti=<TaskInstance: weather_ingest_dag.fetch_and_insert scheduled__2025-07-04T03:00:00+00:00 [queued]>
[2025-07-04T05:20:29.977+0000] {taskinstance.py:1157} INFO - Dependencies all met for dep_context=requeueable deps ti=<TaskInstance: weather_ingest_dag.fetch_and_insert scheduled__2025-07-04T03:00:00+00:00 [queued]>
[2025-07-04T05:20:29.978+0000] {taskinstance.py:1359} INFO - Starting attempt 4 of 5
[2025-07-04T05:20:30.005+0000] {taskinstance.py:1380} INFO - Executing <Task(BashOperator): fetch_and_insert> on 2025-07-04 03:00:00+00:00
[2025-07-04T05:20:30.016+0000] {standard_task_runner.py:57} INFO - Started process 213 to run task
[2025-07-04T05:20:30.021+0000] {standard_task_runner.py:84} INFO - Running: ['airflow', 'tasks', 'run', 'weather_ingest_dag', 'fetch_and_insert', 'scheduled__2025-07-04T03:00:00+00:00', '--job-id', '8', '--raw', '--subdir', 'DAGS_FOLDER/weather_ingest_dag.py', '--cfg-path', '/tmp/tmp5bmtygv1']
[2025-07-04T05:20:30.033+0000] {standard_task_runner.py:85} INFO - Job 8: Subtask fetch_and_insert
[2025-07-04T05:20:30.187+0000] {task_command.py:415} INFO - Running <TaskInstance: weather_ingest_dag.fetch_and_insert scheduled__2025-07-04T03:00:00+00:00 [running]> on host daf434fa48d1
[2025-07-04T05:20:30.688+0000] {taskinstance.py:1660} INFO - Exporting env vars: AIRFLOW_CTX_DAG_OWNER='harsha' AIRFLOW_CTX_DAG_ID='weather_ingest_dag' AIRFLOW_CTX_TASK_ID='fetch_and_insert' AIRFLOW_CTX_EXECUTION_DATE='2025-07-04T03:00:00+00:00' AIRFLOW_CTX_TRY_NUMBER='4' AIRFLOW_CTX_DAG_RUN_ID='scheduled__2025-07-04T03:00:00+00:00'
[2025-07-04T05:20:30.694+0000] {subprocess.py:63} INFO - Tmp dir root location: /tmp
[2025-07-04T05:20:30.696+0000] {subprocess.py:75} INFO - Running command: ['/bin/bash', '-c', 'python /opt/airflow/dags/fetch_weather.py']
[2025-07-04T05:20:30.724+0000] {subprocess.py:86} INFO - Output:
[2025-07-04T05:20:33.231+0000] {subprocess.py:93} INFO - 2025-07-04 05:20:33,230 - INFO - Number of records fetched from API: 40
[2025-07-04T05:20:33.232+0000] {subprocess.py:93} INFO - 2025-07-04 05:20:33,231 - INFO - Number of parsed records: 40
[2025-07-04T05:20:33.448+0000] {subprocess.py:93} INFO - 2025-07-04 05:20:33,448 - INFO - Weather data inserted into Postgres successfully.
[2025-07-04T05:20:33.449+0000] {subprocess.py:93} INFO - API Key is: 7d6a64fd9c0466f533754585e33e4406
[2025-07-04T05:20:33.496+0000] {subprocess.py:97} INFO - Command exited with return code 0
[2025-07-04T05:20:33.556+0000] {taskinstance.py:1398} INFO - Marking task as SUCCESS. dag_id=weather_ingest_dag, task_id=fetch_and_insert, execution_date=20250704T030000, start_date=20250704T052029, end_date=20250704T052033
[2025-07-04T05:20:33.622+0000] {local_task_job_runner.py:228} INFO - Task exited with return code 0
[2025-07-04T05:20:33.660+0000] {taskinstance.py:2776} INFO - 0 downstream tasks scheduled from follow-on schedule check
