[2025-07-04T02:58:20.121+0000] {taskinstance.py:1157} INFO - Dependencies all met for dep_context=non-requeueable deps ti=<TaskInstance: weather_ingest_dag.fetch_and_insert manual__2025-07-04T02:51:45.894365+00:00 [queued]>
[2025-07-04T02:58:20.136+0000] {taskinstance.py:1157} INFO - Dependencies all met for dep_context=requeueable deps ti=<TaskInstance: weather_ingest_dag.fetch_and_insert manual__2025-07-04T02:51:45.894365+00:00 [queued]>
[2025-07-04T02:58:20.136+0000] {taskinstance.py:1359} INFO - Starting attempt 4 of 5
[2025-07-04T02:58:20.159+0000] {taskinstance.py:1380} INFO - Executing <Task(BashOperator): fetch_and_insert> on 2025-07-04 02:51:45.894365+00:00
[2025-07-04T02:58:20.170+0000] {standard_task_runner.py:57} INFO - Started process 213 to run task
[2025-07-04T02:58:20.173+0000] {standard_task_runner.py:84} INFO - Running: ['airflow', 'tasks', 'run', 'weather_ingest_dag', 'fetch_and_insert', 'manual__2025-07-04T02:51:45.894365+00:00', '--job-id', '11', '--raw', '--subdir', 'DAGS_FOLDER/weather_ingest_dag.py', '--cfg-path', '/tmp/tmpfsdd9o5j']
[2025-07-04T02:58:20.177+0000] {standard_task_runner.py:85} INFO - Job 11: Subtask fetch_and_insert
[2025-07-04T02:58:20.335+0000] {task_command.py:415} INFO - Running <TaskInstance: weather_ingest_dag.fetch_and_insert manual__2025-07-04T02:51:45.894365+00:00 [running]> on host b87c05c3cf38
[2025-07-04T02:58:20.526+0000] {taskinstance.py:1660} INFO - Exporting env vars: AIRFLOW_CTX_DAG_OWNER='harsha' AIRFLOW_CTX_DAG_ID='weather_ingest_dag' AIRFLOW_CTX_TASK_ID='fetch_and_insert' AIRFLOW_CTX_EXECUTION_DATE='2025-07-04T02:51:45.894365+00:00' AIRFLOW_CTX_TRY_NUMBER='4' AIRFLOW_CTX_DAG_RUN_ID='manual__2025-07-04T02:51:45.894365+00:00'
[2025-07-04T02:58:20.529+0000] {subprocess.py:63} INFO - Tmp dir root location: /tmp
[2025-07-04T02:58:20.531+0000] {subprocess.py:75} INFO - Running command: ['/bin/bash', '-c', 'python /opt/airflow/dags/fetch_weather.py']
[2025-07-04T02:58:20.551+0000] {subprocess.py:86} INFO - Output:
[2025-07-04T02:58:21.928+0000] {subprocess.py:93} INFO - Traceback (most recent call last):
[2025-07-04T02:58:21.929+0000] {subprocess.py:93} INFO -   File "/opt/airflow/dags/fetch_weather.py", line 73, in <module>
[2025-07-04T02:58:21.930+0000] {subprocess.py:93} INFO -     raw_data = fetch_weather_data()
[2025-07-04T02:58:21.931+0000] {subprocess.py:93} INFO -   File "/opt/airflow/dags/fetch_weather.py", line 20, in fetch_weather_data
[2025-07-04T02:58:21.931+0000] {subprocess.py:93} INFO -     response.raise_for_status()
[2025-07-04T02:58:21.932+0000] {subprocess.py:93} INFO -   File "/home/airflow/.local/lib/python3.8/site-packages/requests/models.py", line 1021, in raise_for_status
[2025-07-04T02:58:21.933+0000] {subprocess.py:93} INFO -     raise HTTPError(http_error_msg, response=self)
[2025-07-04T02:58:21.934+0000] {subprocess.py:93} INFO - requests.exceptions.HTTPError: 401 Client Error: Unauthorized for url: https://pro.openweathermap.org/data/2.5/forecast/hourly?lat=42.3865&lon=-71.0228&cnt=10&appid=7d6a64fd9c0466f533754585e33e4406&mode=json
[2025-07-04T02:58:21.961+0000] {subprocess.py:97} INFO - Command exited with return code 1
[2025-07-04T02:58:21.980+0000] {taskinstance.py:1935} ERROR - Task failed with exception
Traceback (most recent call last):
  File "/home/airflow/.local/lib/python3.8/site-packages/airflow/operators/bash.py", line 210, in execute
    raise AirflowException(
airflow.exceptions.AirflowException: Bash command failed. The command returned a non-zero exit code 1.
[2025-07-04T02:58:21.986+0000] {taskinstance.py:1398} INFO - Marking task as UP_FOR_RETRY. dag_id=weather_ingest_dag, task_id=fetch_and_insert, execution_date=20250704T025145, start_date=20250704T025820, end_date=20250704T025821
[2025-07-04T02:58:22.009+0000] {standard_task_runner.py:104} ERROR - Failed to execute job 11 for task fetch_and_insert (Bash command failed. The command returned a non-zero exit code 1.; 213)
[2025-07-04T02:58:22.038+0000] {local_task_job_runner.py:228} INFO - Task exited with return code 1
[2025-07-04T02:58:22.065+0000] {taskinstance.py:2776} INFO - 0 downstream tasks scheduled from follow-on schedule check
