[2025-07-04T05:00:11.156+0000] {taskinstance.py:1157} INFO - Dependencies all met for dep_context=non-requeueable deps ti=<TaskInstance: weather_ingest_dag.fetch_and_insert scheduled__2025-07-04T04:00:00+00:00 [queued]>
[2025-07-04T05:00:11.193+0000] {taskinstance.py:1157} INFO - Dependencies all met for dep_context=requeueable deps ti=<TaskInstance: weather_ingest_dag.fetch_and_insert scheduled__2025-07-04T04:00:00+00:00 [queued]>
[2025-07-04T05:00:11.194+0000] {taskinstance.py:1359} INFO - Starting attempt 1 of 2
[2025-07-04T05:00:11.248+0000] {taskinstance.py:1380} INFO - Executing <Task(BashOperator): fetch_and_insert> on 2025-07-04 04:00:00+00:00
[2025-07-04T05:00:11.310+0000] {standard_task_runner.py:57} INFO - Started process 648 to run task
[2025-07-04T05:00:11.430+0000] {standard_task_runner.py:84} INFO - Running: ['airflow', 'tasks', 'run', 'weather_ingest_dag', 'fetch_and_insert', 'scheduled__2025-07-04T04:00:00+00:00', '--job-id', '6', '--raw', '--subdir', 'DAGS_FOLDER/weather_ingest_dag.py', '--cfg-path', '/tmp/tmpk9gqw88n']
[2025-07-04T05:00:11.596+0000] {standard_task_runner.py:85} INFO - Job 6: Subtask fetch_and_insert
[2025-07-04T05:00:12.352+0000] {task_command.py:415} INFO - Running <TaskInstance: weather_ingest_dag.fetch_and_insert scheduled__2025-07-04T04:00:00+00:00 [running]> on host 1025ec15db0d
[2025-07-04T05:00:12.930+0000] {taskinstance.py:1660} INFO - Exporting env vars: AIRFLOW_CTX_DAG_OWNER='harsha' AIRFLOW_CTX_DAG_ID='weather_ingest_dag' AIRFLOW_CTX_TASK_ID='fetch_and_insert' AIRFLOW_CTX_EXECUTION_DATE='2025-07-04T04:00:00+00:00' AIRFLOW_CTX_TRY_NUMBER='1' AIRFLOW_CTX_DAG_RUN_ID='scheduled__2025-07-04T04:00:00+00:00'
[2025-07-04T05:00:12.949+0000] {subprocess.py:63} INFO - Tmp dir root location: /tmp
[2025-07-04T05:00:12.962+0000] {subprocess.py:75} INFO - Running command: ['/bin/bash', '-c', 'python /opt/airflow/dags/fetch_weather.py']
[2025-07-04T05:00:13.000+0000] {subprocess.py:86} INFO - Output:
[2025-07-04T05:00:15.527+0000] {subprocess.py:93} INFO - 2025-07-04 05:00:15,526 - INFO - Number of records fetched from API: 40
[2025-07-04T05:00:15.528+0000] {subprocess.py:93} INFO - 2025-07-04 05:00:15,527 - INFO - Number of parsed records: 40
[2025-07-04T05:00:15.581+0000] {subprocess.py:93} INFO - 2025-07-04 05:00:15,580 - INFO - Weather data inserted into Postgres successfully.
[2025-07-04T05:00:15.582+0000] {subprocess.py:93} INFO - API Key is: 7d6a64fd9c0466f533754585e33e4406
[2025-07-04T05:00:15.640+0000] {subprocess.py:97} INFO - Command exited with return code 0
[2025-07-04T05:00:15.713+0000] {taskinstance.py:1398} INFO - Marking task as SUCCESS. dag_id=weather_ingest_dag, task_id=fetch_and_insert, execution_date=20250704T040000, start_date=20250704T050011, end_date=20250704T050015
[2025-07-04T05:00:15.783+0000] {local_task_job_runner.py:228} INFO - Task exited with return code 0
[2025-07-04T05:00:15.824+0000] {taskinstance.py:2776} INFO - 0 downstream tasks scheduled from follow-on schedule check
